<?xml version="1.0" encoding="UTF-8"?>
<!-- Generated by org.testng.reporters.JUnitXMLReporter -->
<testsuite ignored="0" hostname="LAPTOP-LEUFG7H0" failures="1" tests="6" name="Chrome" time="36.446" errors="0" timestamp="2024-09-28T10:44:00 IST">
  <testcase classname="testscript.GettingTitle" name="getTitle" time="0.015">
    <skipped/>
  </testcase> <!-- getTitle -->
  <testcase classname="testscript.GettingTitle" name="getTitle" time="0.012">
    <skipped/>
  </testcase> <!-- getTitle -->
  <testcase classname="testscript.GettingTitle" name="getTitle" time="0.013">
    <skipped/>
  </testcase> <!-- getTitle -->
  <testcase classname="testscript.GettingTitle" name="getTitle" time="0.009">
    <skipped/>
  </testcase> <!-- getTitle -->
  <testcase classname="testscript.GettingTitle" name="getTitle" time="0.012">
    <skipped/>
  </testcase> <!-- getTitle -->
  <testcase classname="testscript.GettingTitle" name="getTitle" time="0.01">
    <failure type="java.lang.AssertionError" message="null">
      <![CDATA[java.lang.AssertionError: null
at testscript.GettingTitle.getTitle(GettingTitle.java:16)
at java.base/java.util.ArrayList.forEach(ArrayList.java:1511)
at java.base/java.util.concurrent.FutureTask.run(FutureTask.java:264)
at java.base/java.util.concurrent.ThreadPoolExecutor.runWorker(ThreadPoolExecutor.java:1136)
at java.base/java.util.concurrent.ThreadPoolExecutor$Worker.run(ThreadPoolExecutor.java:635)
at java.base/java.lang.Thread.run(Thread.java:840)
... Removed 19 stack frames]]>
    </failure>
  </testcase> <!-- getTitle -->
</testsuite> <!-- Chrome -->
